2026-04-17 06:45:25,837  INFO      Loaded 221 sources from ../01_data/validated_dataset.csv
2026-04-17 06:46:29,109  WARNING   Attempt 1/2 failed for https://stacks.cdc.gov/view/cdc/126226/cdc_126226_DS1.pdf: 403 Client Error: Forbidden for url: https://stacks.cdc.gov/view/cdc/126226/cdc_126226_DS1.pdf
2026-04-17 06:46:34,206  WARNING   Attempt 2/2 failed for https://stacks.cdc.gov/view/cdc/126226/cdc_126226_DS1.pdf: 403 Client Error: Forbidden for url: https://stacks.cdc.gov/view/cdc/126226/cdc_126226_DS1.pdf
2026-04-17 06:46:34,354  WARNING   Attempt 1/2 failed for https://stacks.cdc.gov/view/cdc/11130/cdc_11130_DS1.pdf: 403 Client Error: Forbidden for url: https://stacks.cdc.gov/view/cdc/11130/cdc_11130_DS1.pdf
2026-04-17 06:46:39,464  WARNING   Attempt 2/2 failed for https://stacks.cdc.gov/view/cdc/11130/cdc_11130_DS1.pdf: 403 Client Error: Forbidden for url: https://stacks.cdc.gov/view/cdc/11130/cdc_11130_DS1.pdf
2026-04-17 06:47:12,993  WARNING   Attempt 1/2 failed for https://www.hrsa.gov/sites/default/files/hrsa/about/news/hrsa-health-equity-report.pdf: 403 Client Error: Forbidden for url: https://www.hrsa.gov/sites/default/files/hrsa/about/news/hrsa-health-equity-report.pdf
2026-04-17 06:47:18,099  WARNING   Attempt 2/2 failed for https://www.hrsa.gov/sites/default/files/hrsa/about/news/hrsa-health-equity-report.pdf: 403 Client Error: Forbidden for url: https://www.hrsa.gov/sites/default/files/hrsa/about/news/hrsa-health-equity-report.pdf
2026-04-17 06:47:50,143  WARNING   Attempt 1/2 failed for https://www.samhsa.gov/behavioral-health-equity: 404 Client Error: Not Found for url: https://www.samhsa.gov/behavioral-health-equity
2026-04-17 06:47:55,393  WARNING   Attempt 2/2 failed for https://www.samhsa.gov/behavioral-health-equity: 404 Client Error: Not Found for url: https://www.samhsa.gov/behavioral-health-equity
2026-04-17 06:48:10,973  WARNING   Attempt 1/2 failed for https://onlinelibrary.wiley.com/doi/10.1111/1475-6773.14069: ('Connection aborted.', ConnectionResetError(54, 'Connection reset by peer'))
2026-04-17 06:48:16,072  WARNING   Attempt 2/2 failed for https://onlinelibrary.wiley.com/doi/10.1111/1475-6773.14069: 403 Client Error: Forbidden for url: https://onlinelibrary.wiley.com/doi/10.1111/1475-6773.14069
2026-04-17 06:48:46,703  WARNING   Attempt 1/2 failed for https://academic.oup.com/phe/article-abstract/8/2/173/2362531: 403 Client Error: Forbidden for url: https://academic.oup.com/phe/article-abstract/8/2/173/2362531
2026-04-17 06:48:51,795  WARNING   Attempt 2/2 failed for https://academic.oup.com/phe/article-abstract/8/2/173/2362531: 403 Client Error: Forbidden for url: https://academic.oup.com/phe/article-abstract/8/2/173/2362531
2026-04-17 06:48:51,880  WARNING   Attempt 1/2 failed for https://academic.oup.com/phe/article-abstract/13/3/247/5874652: 403 Client Error: Forbidden for url: https://academic.oup.com/phe/article-abstract/13/3/247/5874652
2026-04-17 06:48:56,967  WARNING   Attempt 2/2 failed for https://academic.oup.com/phe/article-abstract/13/3/247/5874652: 403 Client Error: Forbidden for url: https://academic.oup.com/phe/article-abstract/13/3/247/5874652
2026-04-17 06:48:57,048  WARNING   Attempt 1/2 failed for https://academic.oup.com/heapol/article-abstract/30/8/1078/555203: 403 Client Error: Forbidden for url: https://academic.oup.com/heapol/article-abstract/30/8/1078/555203
2026-04-17 06:49:02,135  WARNING   Attempt 2/2 failed for https://academic.oup.com/heapol/article-abstract/30/8/1078/555203: 403 Client Error: Forbidden for url: https://academic.oup.com/heapol/article-abstract/30/8/1078/555203
2026-04-17 06:49:10,265  WARNING   Attempt 1/2 failed for https://jamanetwork.com/journals/jamanetworkopen/fullarticle/2815866: 403 Client Error: Forbidden for url: https://jamanetwork.com/journals/jamanetworkopen/fullarticle/2815866
2026-04-17 06:49:15,361  WARNING   Attempt 2/2 failed for https://jamanetwork.com/journals/jamanetworkopen/fullarticle/2815866: 403 Client Error: Forbidden for url: https://jamanetwork.com/journals/jamanetworkopen/fullarticle/2815866
2026-04-17 06:49:15,446  WARNING   Attempt 1/2 failed for https://jamanetwork.com/journals/jamapediatrics/article-abstract/2819321: 403 Client Error: Forbidden for url: https://jamanetwork.com/journals/jamapediatrics/article-abstract/2819321
2026-04-17 06:49:20,537  WARNING   Attempt 2/2 failed for https://jamanetwork.com/journals/jamapediatrics/article-abstract/2819321: 403 Client Error: Forbidden for url: https://jamanetwork.com/journals/jamapediatrics/article-abstract/2819321
2026-04-17 06:49:20,623  WARNING   Attempt 1/2 failed for https://jamanetwork.com/journals/jama/article-abstract/2804847: 403 Client Error: Forbidden for url: https://jamanetwork.com/journals/jama/article-abstract/2804847
2026-04-17 06:49:25,726  WARNING   Attempt 2/2 failed for https://jamanetwork.com/journals/jama/article-abstract/2804847: 403 Client Error: Forbidden for url: https://jamanetwork.com/journals/jama/article-abstract/2804847
2026-04-17 06:49:27,654  WARNING   Attempt 1/2 failed for https://bmjopen.bmj.com/content/10/11/e040180: 403 Client Error: Forbidden for url: https://bmjopen.bmj.com/content/10/11/e040180
2026-04-17 06:49:32,752  WARNING   Attempt 2/2 failed for https://bmjopen.bmj.com/content/10/11/e040180: 403 Client Error: Forbidden for url: https://bmjopen.bmj.com/content/10/11/e040180
2026-04-17 06:50:42,261  WARNING   Attempt 1/2 failed for https://www.clatsopcounty.gov/media/50016: 404 Client Error: Not Found for url: https://www.clatsopcounty.gov/media/50016
2026-04-17 06:50:47,593  WARNING   Attempt 2/2 failed for https://www.clatsopcounty.gov/media/50016: 404 Client Error: Not Found for url: https://www.clatsopcounty.gov/media/50016
2026-04-17 06:51:48,338  WARNING   Attempt 1/2 failed for https://assets.ramseycountymn.gov/files/migrated-files/HEDA_10.12.17.pdf: 404 Client Error: Not Found for url: https://assets.ramseycountymn.gov/files/migrated-files/HEDA_10.12.17.pdf
2026-04-17 06:51:53,446  WARNING   Attempt 2/2 failed for https://assets.ramseycountymn.gov/files/migrated-files/HEDA_10.12.17.pdf: 404 Client Error: Not Found for url: https://assets.ramseycountymn.gov/files/migrated-files/HEDA_10.12.17.pdf
2026-04-17 06:51:53,709  WARNING   Attempt 1/2 failed for https://www.cdph.ca.gov/Programs/OHE/CDPH%20Document%20Library/Accessible-CDPH_OHE_Disparity_Report_Race_Equity.pdf: HTTPSConnectionPool(host='www.cdph.ca.gov', port=443): Max retries exceeded with url: /Programs/OHE/CDPH%20Document%20Library/Accessible-CDPH_OHE_Disparity_Report_Race_Equity.pdf (Caused by SSLError(SSLCertVerificationError(1, '[SSL: CERTIFICATE_VERIFY_FAILED] certificate verify failed: unable to get local issuer certificate (_ssl.c:1010)')))
2026-04-17 06:51:58,800  WARNING   Attempt 2/2 failed for https://www.cdph.ca.gov/Programs/OHE/CDPH%20Document%20Library/Accessible-CDPH_OHE_Disparity_Report_Race_Equity.pdf: HTTPSConnectionPool(host='www.cdph.ca.gov', port=443): Max retries exceeded with url: /Programs/OHE/CDPH%20Document%20Library/Accessible-CDPH_OHE_Disparity_Report_Race_Equity.pdf (Caused by SSLError(SSLCertVerificationError(1, '[SSL: CERTIFICATE_VERIFY_FAILED] certificate verify failed: unable to get local issuer certificate (_ssl.c:1010)')))
2026-04-17 06:52:22,478  WARNING   Attempt 1/2 failed for https://sharedsystems.dhsoha.state.or.us/DHSForms/Served/le-683051.pdf: HTTPSConnectionPool(host='sharedsystems.dhsoha.state.or.us', port=443): Max retries exceeded with url: /DHSForms/Served/le-683051.pdf (Caused by SSLError(SSLCertVerificationError(1, '[SSL: CERTIFICATE_VERIFY_FAILED] certificate verify failed: unable to get local issuer certificate (_ssl.c:1010)')))
2026-04-17 06:52:27,705  WARNING   Attempt 2/2 failed for https://sharedsystems.dhsoha.state.or.us/DHSForms/Served/le-683051.pdf: HTTPSConnectionPool(host='sharedsystems.dhsoha.state.or.us', port=443): Max retries exceeded with url: /DHSForms/Served/le-683051.pdf (Caused by SSLError(SSLCertVerificationError(1, '[SSL: CERTIFICATE_VERIFY_FAILED] certificate verify failed: unable to get local issuer certificate (_ssl.c:1010)')))
2026-04-17 06:53:44,428  WARNING   Attempt 1/2 failed for https://www.kff.org/wp-content/uploads/2014/06/8606-discussion-of-health-care-and-health-equity-in-the-south.pdf: ('Connection aborted.', ConnectionResetError(54, 'Connection reset by peer'))
2026-04-17 07:04:44,512  WARNING   Attempt 1/2 failed for https://healthaffairs.org/do/10.1377/hblog20170522.060211/full: 403 Client Error: Forbidden for url: https://healthaffairs.org/do/10.1377/hblog20170522.060211/full
2026-04-17 07:04:49,656  WARNING   Attempt 2/2 failed for https://healthaffairs.org/do/10.1377/hblog20170522.060211/full: 403 Client Error: Forbidden for url: https://healthaffairs.org/do/10.1377/hblog20170522.060211/full
2026-04-17 07:04:49,842  WARNING   Attempt 1/2 failed for https://www.healthaffairs.org/doi/10.1377/hlthaff.2024.00036: 403 Client Error: Forbidden for url: https://www.healthaffairs.org/doi/10.1377/hlthaff.2024.00036
2026-04-17 07:04:54,933  WARNING   Attempt 2/2 failed for https://www.healthaffairs.org/doi/10.1377/hlthaff.2024.00036: 403 Client Error: Forbidden for url: https://www.healthaffairs.org/doi/10.1377/hlthaff.2024.00036
2026-04-17 07:05:00,906  WARNING   Attempt 1/2 failed for https://www.healthaffairs.org/content/forefront/health-equity-should-key-value-value-based-payment-and-delivery-reform: 403 Client Error: Forbidden for url: https://www.healthaffairs.org/content/forefront/health-equity-should-key-value-value-based-payment-and-delivery-reform
2026-04-17 07:05:06,017  WARNING   Attempt 2/2 failed for https://www.healthaffairs.org/content/forefront/health-equity-should-key-value-value-based-payment-and-delivery-reform: 403 Client Error: Forbidden for url: https://www.healthaffairs.org/content/forefront/health-equity-should-key-value-value-based-payment-and-delivery-reform
2026-04-17 07:05:06,106  WARNING   Attempt 1/2 failed for https://www.healthaffairs.org/do/10.1377/forefront.20240603.385559/: 403 Client Error: Forbidden for url: https://www.healthaffairs.org/do/10.1377/forefront.20240603.385559/
2026-04-17 07:05:11,387  WARNING   Attempt 2/2 failed for https://www.healthaffairs.org/do/10.1377/forefront.20240603.385559/: 403 Client Error: Forbidden for url: https://www.healthaffairs.org/do/10.1377/forefront.20240603.385559/
2026-04-17 07:05:11,637  WARNING   Attempt 1/2 failed for https://www.nejm.org/doi/full/10.1056/NEJMp2215539: 403 Client Error: Forbidden for url: https://www.nejm.org/doi/full/10.1056/NEJMp2215539
2026-04-17 07:05:16,758  WARNING   Attempt 2/2 failed for https://www.nejm.org/doi/full/10.1056/NEJMp2215539: 403 Client Error: Forbidden for url: https://www.nejm.org/doi/full/10.1056/NEJMp2215539
2026-04-17 07:05:16,913  WARNING   Attempt 1/2 failed for https://www.ajmc.com/view/navigating-health-equity-in-2024-the-evolution-of-accountability-part-1: 403 Client Error: Forbidden for url: https://www.ajmc.com/view/navigating-health-equity-in-2024-the-evolution-of-accountability-part-1
2026-04-17 07:05:22,019  WARNING   Attempt 2/2 failed for https://www.ajmc.com/view/navigating-health-equity-in-2024-the-evolution-of-accountability-part-1: 403 Client Error: Forbidden for url: https://www.ajmc.com/view/navigating-health-equity-in-2024-the-evolution-of-accountability-part-1
